GET /health 200 15 - 0.151 ms
GET / 304 - - 3.884 ms
GET / 304 - - 4.120 ms
GET /health 200 15 - 2.359 ms
GET /health 200 15 - 0.343 ms
GET /health 304 - - 0.533 ms
GET /health 304 - - 0.731 ms
GET /health 304 - - 2.280 ms
GET /health 304 - - 0.806 ms
GET /.well-known/appspecific/com.chrome.devtools.json 404 187 - 1.946 ms
POST /logs 201 76 - 17.020 ms
POST /logs 201 74 - 1.385 ms
GET /logs 200 153 - 4.423 ms
GET /logs/1 200 76 - 1.448 ms
GET /logs/99 404 1455 - 2.568 ms
GET /logs/99 404 1455 - 0.511 ms
GET /logs/1 200 76 - 0.815 ms
POST /logs 400 1466 - 0.368 ms
POST /logs 401 1466 - 12.832 ms
POST /logs 400 1466 - 6.909 ms
DELETE /logs/1 404 1454 - 1.418 ms
DELETE /logs/1 404 1454 - 0.749 ms
DELETE /logs/1 404 1454 - 0.262 ms
GET /logs 200 2 - 4.217 ms
POST /logs 201 74 - 1.209 ms
DELETE /logs/1 200 74 - 0.529 ms
DELETE /logs/1 404 1454 - 0.364 ms
GET /health 200 15 - 3.073 ms
GET /health - - - - ms
GET /health 200 15 - 2.849 ms
GET /health 200 15 - 2.683 ms
GET /health 200 15 - 0.834 ms
GET /health 200 15 - 0.798 ms
GET /health 200 15 - 0.739 ms
GET /health 304 - - 3.001 ms
GET /.well-known/appspecific/com.chrome.devtools.json 404 187 - 0.879 ms
GET /health 304 - - 0.780 ms
GET /.well-known/appspecific/com.chrome.devtools.json 404 187 - 0.355 ms
GET /health 304 - - 2.514 ms
GET /health 200 15 - 2.777 ms
GET /health 200 15 - 3.179 ms
GET /health 200 15 - 2.247 ms
GET /health 200 15 - 1.143 ms
GET /health 200 15 - 0.578 ms
GET /health 200 15 - 0.608 ms
GET /health 200 15 - 0.306 ms
GET /health 200 15 - 0.591 ms
GET /health 200 15 - 0.289 ms
GET /health 200 15 - 0.283 ms
GET /health 200 15 - 0.504 ms
GET /health 200 15 - 0.788 ms
POST /logs 201 74 - 13.901 ms
GET /logs/99 404 38 - 4.063 ms
GET /logs/99 404 38 - 2.079 ms
POST /logs 201 74 - 14.859 ms
POST /logs 201 74 - 0.872 ms
POST /logs 400 36 - 0.641 ms
POST /logs 201 74 - 0.879 ms
GET /logs 200 226 - 1.417 ms
GET /logs 200 2 - 2.853 ms
GET /logs/99 404 1455 - 2.638 ms
GET /nooo 404 143 - 6.094 ms
GET /nooo 404 50 - 3.010 ms
GET /1 404 47 - 3.230 ms
GET /logs/99 404 38 - 1.319 ms
GET /logs/1 404 38 - 1.006 ms
GET /logs/1 404 38 - 0.515 ms
POST /logs 201 74 - 14.182 ms
GET /health 200 15 - 0.553 ms
